\BOOKMARK [1][-]{section.4}{Introduction}{}% 1
\BOOKMARK [1][-]{section.6}{Research Metodology}{}% 2
\BOOKMARK [2][-]{subsection.9}{Research questions}{section.6}% 3
\BOOKMARK [2][-]{subsection.11}{Search strategy and study selection}{section.6}% 4
\BOOKMARK [2][-]{subsection.14}{Quality assessment criteria}{section.6}% 5
\BOOKMARK [2][-]{subsection.18}{Data extraction and data synthesis}{section.6}% 6
\BOOKMARK [1][-]{section.20}{Discussion and Result}{}% 7
\BOOKMARK [2][-]{subsection.22}{Overview of selected studies}{section.20}% 8
\BOOKMARK [2][-]{subsection.28}{RQ1: In which way a Code Smell Impact on NFA?}{section.20}% 9
\BOOKMARK [3][-]{subsubsection.31}{Mantainability}{subsection.28}% 10
\BOOKMARK [3][-]{subsubsection.34}{Reliability}{subsection.28}% 11
\BOOKMARK [3][-]{subsubsection.36}{Performance}{subsection.28}% 12
\BOOKMARK [3][-]{subsubsection.38}{Security}{subsection.28}% 13
\BOOKMARK [2][-]{subsection.40}{RQ2: How the connection between code smells and NFA was determined? }{section.20}% 14
\BOOKMARK [2][-]{subsection.42}{Summary for RQ2.}{section.20}% 15
\BOOKMARK [2][-]{subsection.44}{RQ3: Are all code smells impactful on NFA? }{section.20}% 16
\BOOKMARK [2][-]{subsection.46}{Summary for RQ3.}{section.20}% 17
\BOOKMARK [1][-]{section.48}{THREATS TO VALIDITY}{}% 18
\BOOKMARK [1][-]{section.50}{LIMITATIONS}{}% 19
\BOOKMARK [1][-]{section.52}{CONCLUSION}{}% 20
\BOOKMARK [1][-]{section.54}{ACKNOWLEDGMENTS}{}% 21
\BOOKMARK [1][-]{appendix.58}{References }{}% 22
